<?xml version="1.0" encoding="UTF-8"?>
<!-- Generated by org.testng.reporters.JUnitReportReporter -->
<testsuite hostname="MSI" failures="0" tests="1" name="testCases.Tc001_AccountRegistrationTest" time="1.863" errors="0" timestamp="2024-09-24T15:12:42 PDT" skipped="0">
  <testcase classname="testCases.Tc001_AccountRegistrationTest" name="verify_account_registration" time="1.863"/>
</testsuite> <!-- testCases.Tc001_AccountRegistrationTest -->
