<?xml version="1.0" encoding="UTF-8"?>
<!-- Generated by org.testng.reporters.JUnitReportReporter -->
<testsuite hostname="MSI" failures="0" tests="1" name="testCases.Tc002_LoginTest" time="1.297" errors="0" timestamp="2024-09-24T15:19:02 PDT" skipped="0">
  <testcase classname="testCases.Tc002_LoginTest" name="verify_login" time="1.297"/>
</testsuite> <!-- testCases.Tc002_LoginTest -->
